<?xml version="1.0" encoding="UTF-8"?>
<!-- Generated by org.testng.reporters.JUnitReportReporter -->
<testsuite skipped="0" hostname="Manibharathi" name="org.excel.TestNg" tests="3" failures="0" timestamp="10 Aug 2021 05:38:33 GMT" time="0.428" errors="0">
  <testcase name="test1" time="0.205" classname="org.excel.TestNg"/>
  <testcase name="test2" time="0.119" classname="org.excel.TestNg"/>
  <testcase name="test3" time="0.104" classname="org.excel.TestNg"/>
</testsuite> <!-- org.excel.TestNg -->
