<?xml version="1.0" encoding="UTF-8"?>
<!-- Generated by org.testng.reporters.JUnitReportReporter -->
<testsuite skipped="0" hostname="Manibharathi" name="org.excel.OpenFb" tests="2" failures="0" timestamp="11 Aug 2021 03:31:22 GMT" time="75.613" errors="0">
  <testcase name="test" time="37.797" classname="org.excel.OpenFb"/>
  <testcase name="test" time="37.816" classname="org.excel.OpenFb"/>
</testsuite> <!-- org.excel.OpenFb -->
